12204 2017-04-10 15:33:02,139 Building tree 3680 10
12221 2017-04-10 15:33:02,385 feature word_freq_direct
12222 2017-04-10 15:33:02,536 feature word_freq_our
12223 2017-04-10 15:33:02,776 feature word_freq_edu
12224 2017-04-10 15:33:03,090 feature word_freq_meeting
12221 2017-04-10 15:33:03,633 feature char_freq_:
12222 2017-04-10 15:33:03,986 feature word_freq_mail
12223 2017-04-10 15:33:04,216 feature word_freq_receive
12224 2017-04-10 15:33:04,552 feature word_freq_over
12221 2017-04-10 15:33:05,059 feature word_freq_1999
12222 2017-04-10 15:33:05,406 feature word_freq_addresses
12223 2017-04-10 15:33:05,629 feature capital_run_length_average
12224 2017-04-10 15:33:05,962 feature word_freq_hp
12221 2017-04-10 15:33:06,477 feature word_freq_650
12222 2017-04-10 15:33:06,813 feature word_freq_parts
12224 2017-04-10 15:33:07,394 feature word_freq_pm
12223 2017-04-10 15:33:07,506 feature word_freq_data
12221 2017-04-10 15:33:08,158 feature word_freq_original
12222 2017-04-10 15:33:08,646 feature word_freq_business
12223 2017-04-10 15:33:09,130 feature char_freq_(
12224 2017-04-10 15:33:09,225 feature char_freq_[
12221 2017-04-10 15:33:09,851 feature word_freq_address
12222 2017-04-10 15:33:10,151 feature word_freq_cs
12223 2017-04-10 15:33:10,655 feature word_freq_technology
12224 2017-04-10 15:33:10,696 feature word_freq_money
12221 2017-04-10 15:33:11,266 feature word_freq_telnet
12222 2017-04-10 15:33:11,562 feature word_freq_your
12223 2017-04-10 15:33:12,103 feature word_freq_table
12224 2017-04-10 15:33:12,117 feature word_freq_hpl
12221 2017-04-10 15:33:12,694 feature char_freq_$
12222 2017-04-10 15:33:13,062 feature word_freq_85
12224 2017-04-10 15:33:13,665 feature word_freq_people
12223 2017-04-10 15:33:14,001 feature word_freq_labs
12221 2017-04-10 15:33:14,684 feature char_freq_!
12222 2017-04-10 15:33:15,034 feature word_freq_all
12224 2017-04-10 15:33:15,297 feature word_freq_credit
12223 2017-04-10 15:33:15,816 feature word_freq_3d
12221 2017-04-10 15:33:16,190 feature word_freq_project
12222 2017-04-10 15:33:16,643 feature word_freq_make
12224 2017-04-10 15:33:16,713 feature word_freq_email
12223 2017-04-10 15:33:17,222 feature word_freq_font
12221 2017-04-10 15:33:17,641 feature word_freq_order
12222 2017-04-10 15:33:18,157 feature word_freq_you
12224 2017-04-10 15:33:18,259 feature word_freq_000
12223 2017-04-10 15:33:18,805 feature char_freq_#
12221 2017-04-10 15:33:19,197 feature word_freq_lab
12222 2017-04-10 15:33:19,672 feature word_freq_857
12224 2017-04-10 15:33:19,692 feature capital_run_length_total
12223 2017-04-10 15:33:20,494 feature word_freq_415
12221 2017-04-10 15:33:20,968 feature word_freq_will
12224 2017-04-10 15:33:21,396 feature word_freq_report
12223 2017-04-10 15:33:21,779 feature word_freq_george
12221 2017-04-10 15:33:22,074 feature word_freq_internet
12224 2017-04-10 15:33:22,415 feature word_freq_conference
12223 2017-04-10 15:33:23,206 feature word_freq_free
12221 2017-04-10 15:33:23,470 feature word_freq_re
12223 2017-04-10 15:33:24,530 feature word_freq_remove
12221 2017-04-10 15:33:24,790 feature capital_run_length_longest
12204 2017-04-10 15:33:26,677 Building tree 2735 9
12295 2017-04-10 15:33:26,895 feature word_freq_direct
12296 2017-04-10 15:33:27,080 feature word_freq_our
12297 2017-04-10 15:33:27,382 feature word_freq_edu
12295 2017-04-10 15:33:27,652 feature char_freq_:
12298 2017-04-10 15:33:27,702 feature word_freq_meeting
12296 2017-04-10 15:33:27,741 feature word_freq_mail
12297 2017-04-10 15:33:28,168 feature word_freq_receive
12295 2017-04-10 15:33:28,444 feature word_freq_1999
12296 2017-04-10 15:33:28,454 feature word_freq_addresses
12298 2017-04-10 15:33:28,540 feature word_freq_over
